[00:01:31] [User Authenticator #3/INFO]: UUID of player Frox1n is 03b38cf0-712d-4fd0-ae54-925d1bad92e2
[00:01:31] [Server thread/INFO]: Frox1n[/129.32.225.5:45421] logged in with entity id 9394 at (4195.744937707191, 100.0, -999.9432321873751)
[00:01:31] [Server thread/INFO]: Frox1n joined the game
[00:03:59] [Server thread/INFO]: Frox1n lost connection: Disconnected
[00:03:59] [Server thread/INFO]: Frox1n left the game
[00:04:29] [User Authenticator #4/INFO]: UUID of player Frox1n is 03b38cf0-712d-4fd0-ae54-925d1bad92e2
[00:04:29] [Server thread/INFO]: Frox1n[/129.32.225.5:18902] logged in with entity id 9781 at (4195.060581879963, 104.0, -952.1016178443566)
[00:04:29] [Server thread/INFO]: Frox1n joined the game
[00:04:45] [Server thread/INFO]: Frox1n lost connection: Disconnected
[00:04:45] [Server thread/INFO]: Frox1n left the game
[00:12:07] [Server thread/INFO]: CptCarnivore has made the advancement [Getting an Upgrade]
[00:14:56] [User Authenticator #5/INFO]: UUID of player Frox1n is 03b38cf0-712d-4fd0-ae54-925d1bad92e2
[00:14:56] [Server thread/INFO]: Frox1n[/129.32.225.5:49841] logged in with entity id 11285 at (4196.707472758621, 104.0, -952.5993880267064)
[00:14:56] [Server thread/INFO]: Frox1n joined the game
[00:15:16] [Server thread/INFO]: <Frox1n> babe come to bed so i can hump you
[00:15:29] [Server thread/INFO]: [CptCarnivore: Teleported CptCarnivore to Frox1n]
[00:16:54] [Server thread/INFO]: Frox1n has made the advancement [Monster Hunter]
[00:23:09] [Server thread/INFO]: <CptCarnivore> :(
[00:23:30] [Server thread/INFO]: <CptCarnivore> 0D=====8
[00:23:46] [Server thread/INFO]: <CptCarnivore> 8======D----O
[00:23:56] [Server thread/INFO]: <Frox1n> baking a creampie in my boyfriend's asshole
[00:24:50] [Server thread/INFO]: <Frox1n> shit out my kids
[00:26:29] [Server thread/INFO]: <Frox1n> shit out my kids
[00:26:33] [Server thread/INFO]: <CptCarnivore> i want to
[00:26:35] [Server thread/INFO]: <CptCarnivore> like literally
[00:26:48] [Server thread/INFO]: <CptCarnivore> i have a boner
[00:26:52] [Server thread/INFO]: <Frox1n> i do too
[00:34:09] [Server thread/INFO]: Frox1n lost connection: Disconnected
[00:34:09] [Server thread/INFO]: Frox1n left the game
[00:52:12] [Server thread/INFO]: CptCarnivore lost connection: Disconnected
[00:52:12] [Server thread/INFO]: CptCarnivore left the game
[02:30:52] [Server thread/INFO]: [Not Secure] [Server] pleasecum
